Using pre-set license
Built from '2020.3/staging' branch; Version is '2020.3.11f1 (99c7afb366b3) revision 10078127'; Using compiler version '192528614'; Build Type 'Release'
OS: 'Windows 10 Pro; OS build 19043.1110; Version 2009; 64bit' Language: 'en' Physical Memory: 24382 MB
BatchMode: 1, IsHumanControllingUs: 0, StartBugReporterOnCrash: 0, Is64bit: 1, IsPro: 0

 COMMAND LINE ARGUMENTS:
C:\Program Files\Unity\Hub\Editor\2020.3.11f1\Editor\Unity.exe
-adb2
-batchMode
-noUpm
-name
AssetImportWorker0
-projectPath
C:/Users/Gerhard/Documents/Unity Projects/Complete C# Unity Game Developer/ZigZagClone
-logFile
Logs/AssetImportWorker0.log
-srvPort
60406
Successfully changed project path to: C:/Users/Gerhard/Documents/Unity Projects/Complete C# Unity Game Developer/ZigZagClone
C:/Users/Gerhard/Documents/Unity Projects/Complete C# Unity Game Developer/ZigZagClone
Using Asset Import Pipeline V2.
Refreshing native plugins compatible for Editor in 27.34 ms, found 2 plugins.
Preloading 0 native plugins for Editor in 0.00 ms.
Initialize engine version: 2020.3.11f1 (99c7afb366b3)
[Subsystems] Discovering subsystems at path C:/Program Files/Unity/Hub/Editor/2020.3.11f1/Editor/Data/Resources/UnitySubsystems
[Subsystems] Discovering subsystems at path C:/Users/Gerhard/Documents/Unity Projects/Complete C# Unity Game Developer/ZigZagClone/Assets
GfxDevice: creating device client; threaded=0
Direct3D:
    Version:  Direct3D 11.0 [level 11.1]
    Renderer: NVIDIA GeForce GTX 1650 (ID=0x1f91)
    Vendor:   
    VRAM:     3962 MB
    Driver:   27.21.14.6280
Initialize mono
Mono path[0] = 'C:/Program Files/Unity/Hub/Editor/2020.3.11f1/Editor/Data/Managed'
Mono path[1] = 'C:/Program Files/Unity/Hub/Editor/2020.3.11f1/Editor/Data/MonoBleedingEdge/lib/mono/unityjit'
Mono config path = 'C:/Program Files/Unity/Hub/Editor/2020.3.11f1/Editor/Data/MonoBleedingEdge/etc'
Using monoOptions --debugger-agent=transport=dt_socket,embedding=1,server=y,suspend=n,address=127.0.0.1:56792
Begin MonoManager ReloadAssembly
Registering precompiled unity dll's ...
Register platform support module: C:/Program Files/Unity/Hub/Editor/2020.3.11f1/Editor/Data/PlaybackEngines/WindowsStandaloneSupport/UnityEditor.WindowsStandalone.Extensions.dll
Registered in 0.002822 seconds.
Native extension for WindowsStandalone target not found
Refreshing native plugins compatible for Editor in 26.88 ms, found 2 plugins.
Preloading 0 native plugins for Editor in 0.00 ms.
Mono: successfully reloaded assembly
- Completed reload, in  1.209 seconds
Platform modules already initialized, skipping
Registering precompiled user dll's ...
Registered in 0.006235 seconds.
Begin MonoManager ReloadAssembly
Native extension for WindowsStandalone target not found
Refreshing native plugins compatible for Editor in 0.29 ms, found 2 plugins.
Preloading 0 native plugins for Editor in 0.00 ms.
Mono: successfully reloaded assembly
- Completed reload, in  1.001 seconds
Platform modules already initialized, skipping
========================================================================
Worker process is ready to serve import requests
Launched and connected shader compiler UnityShaderCompiler.exe after 0.05 seconds
Refreshing native plugins compatible for Editor in 0.31 ms, found 2 plugins.
Preloading 0 native plugins for Editor in 0.00 ms.
Unloading 1386 Unused Serialized files (Serialized files now loaded: 0)
System memory in use before: 65.1 MB.
System memory in use after: 65.1 MB.

Unloading 19 unused Assets to reduce memory usage. Loaded Objects now: 1819.
Total: 2.051500 ms (FindLiveObjects: 0.148600 ms CreateObjectMapping: 0.040200 ms MarkObjects: 1.787600 ms  DeleteObjects: 0.074100 ms)

========================================================================
Received Import Request.
  path: Assets/Scenes
  artifactKey: Guid(c0b28f038be84fd4e980fdcad140e8f0) Importer(815301076,1909f56bfc062723c751e8b465ee728b)
Start importing Assets/Scenes using Guid(c0b28f038be84fd4e980fdcad140e8f0) Importer(815301076,1909f56bfc062723c751e8b465ee728b)  -> (artifact id: 'd07bbbe981a3f0b3ce78d2c4d48b7206') in 0.005188 seconds
  Import took 0.007076 seconds .

========================================================================
Received Import Request.
  Time since last request: 11.494222 seconds.
  path: Assets
  artifactKey: Guid(00000000000000001000000000000000) Importer(815301076,1909f56bfc062723c751e8b465ee728b)
Start importing Assets using Guid(00000000000000001000000000000000) Importer(815301076,1909f56bfc062723c751e8b465ee728b)  -> (artifact id: '42d402b061de3733987d63b9cc3b64de') in 0.003514 seconds
  Import took 0.006096 seconds .

========================================================================
Received Import Request.
  Time since last request: 0.000915 seconds.
  path: Assets
  artifactKey: Guid(00000000000000001000000000000000) Importer(815301076,1909f56bfc062723c751e8b465ee728b)
Start importing Assets using Guid(00000000000000001000000000000000) Importer(815301076,1909f56bfc062723c751e8b465ee728b)  -> (artifact id: '42d402b061de3733987d63b9cc3b64de') in 0.002496 seconds
  Import took 0.004504 seconds .

========================================================================
Received Import Request.
  Time since last request: 39.485934 seconds.
  path: Assets/Hand Painted Stone Texture
  artifactKey: Guid(044c78f07635ffa49ac6b9f50fc5adf9) Importer(815301076,1909f56bfc062723c751e8b465ee728b)
Start importing Assets/Hand Painted Stone Texture using Guid(044c78f07635ffa49ac6b9f50fc5adf9) Importer(815301076,1909f56bfc062723c751e8b465ee728b)  -> (artifact id: 'c4806f6f6c7b0ff0f02c32906d41e5a8') in 0.004228 seconds
  Import took 0.006289 seconds .

========================================================================
Received Import Request.
  Time since last request: 0.000863 seconds.
  path: Assets/Hand Painted Stone Texture
  artifactKey: Guid(044c78f07635ffa49ac6b9f50fc5adf9) Importer(815301076,1909f56bfc062723c751e8b465ee728b)
Start importing Assets/Hand Painted Stone Texture using Guid(044c78f07635ffa49ac6b9f50fc5adf9) Importer(815301076,1909f56bfc062723c751e8b465ee728b)  -> (artifact id: 'c4806f6f6c7b0ff0f02c32906d41e5a8') in 0.003101 seconds
  Import took 0.006245 seconds .

========================================================================
Received Import Request.
  Time since last request: 1.641153 seconds.
  path: Assets/Hand Painted Stone Texture/Material
  artifactKey: Guid(245a5e4b35b823842bf1dbfeb45fb118) Importer(815301076,1909f56bfc062723c751e8b465ee728b)
Start importing Assets/Hand Painted Stone Texture/Material using Guid(245a5e4b35b823842bf1dbfeb45fb118) Importer(815301076,1909f56bfc062723c751e8b465ee728b)  -> (artifact id: '6043c7674bd7bb0a0584a2b286b9da70') in 0.003808 seconds
  Import took 0.005990 seconds .

========================================================================
Received Import Request.
  Time since last request: 0.001033 seconds.
  path: Assets/Hand Painted Stone Texture/Material
  artifactKey: Guid(245a5e4b35b823842bf1dbfeb45fb118) Importer(815301076,1909f56bfc062723c751e8b465ee728b)
Start importing Assets/Hand Painted Stone Texture/Material using Guid(245a5e4b35b823842bf1dbfeb45fb118) Importer(815301076,1909f56bfc062723c751e8b465ee728b)  -> (artifact id: '6043c7674bd7bb0a0584a2b286b9da70') in 0.003170 seconds
  Import took 0.005744 seconds .

========================================================================
Received Import Request.
  Time since last request: 0.072741 seconds.
  path: Assets/Hand Painted Stone Texture/Material/Stone_mobile.mat
  artifactKey: Guid(094c835627124fe4bbbaa762d2240cb1) Importer(815301076,1909f56bfc062723c751e8b465ee728b)
Start importing Assets/Hand Painted Stone Texture/Material/Stone_mobile.mat using Guid(094c835627124fe4bbbaa762d2240cb1) Importer(815301076,1909f56bfc062723c751e8b465ee728b)  -> (artifact id: 'dd697e53047eb868acee795b266c506a') in 0.207781 seconds
  Import took 0.210110 seconds .

========================================================================
Received Import Request.
  Time since last request: 0.000318 seconds.
  path: Assets/Hand Painted Stone Texture/Material/Stone_normal.mat
  artifactKey: Guid(5f73475cf0cad364b9800b85c2a229fc) Importer(815301076,1909f56bfc062723c751e8b465ee728b)
Start importing Assets/Hand Painted Stone Texture/Material/Stone_normal.mat using Guid(5f73475cf0cad364b9800b85c2a229fc) Importer(815301076,1909f56bfc062723c751e8b465ee728b)  -> (artifact id: '2a43b1764229cad885f87f712d373ccd') in 0.276400 seconds
  Import took 0.279335 seconds .

========================================================================
Received Import Request.
  Time since last request: 0.426761 seconds.
  path: Assets/Hand Painted Stone Texture/Texture/Stone_Base_Color.png
  artifactKey: Guid(48f4f66d4e15b924e845a15cc353d2db) Importer(815301076,1909f56bfc062723c751e8b465ee728b)
Start importing Assets/Hand Painted Stone Texture/Texture/Stone_Base_Color.png using Guid(48f4f66d4e15b924e845a15cc353d2db) Importer(815301076,1909f56bfc062723c751e8b465ee728b)  -> (artifact id: 'a7c765309de372846f0205087abcfc28') in 0.068692 seconds
  Import took 0.070873 seconds .

========================================================================
Received Import Request.
  Time since last request: 0.000547 seconds.
  path: Assets/Hand Painted Stone Texture/Texture/Stone_Base_Color.png
  artifactKey: Guid(48f4f66d4e15b924e845a15cc353d2db) Importer(815301076,1909f56bfc062723c751e8b465ee728b)
Start importing Assets/Hand Painted Stone Texture/Texture/Stone_Base_Color.png using Guid(48f4f66d4e15b924e845a15cc353d2db) Importer(815301076,1909f56bfc062723c751e8b465ee728b)  -> (artifact id: 'a7c765309de372846f0205087abcfc28') in 0.012030 seconds
  Import took 0.014032 seconds .

========================================================================
Received Import Request.
  Time since last request: 20.239841 seconds.
  path: Assets/Hand Painted Stone Texture/Scene
  artifactKey: Guid(c4ab84889a865d346b1a8735094f805e) Importer(815301076,1909f56bfc062723c751e8b465ee728b)
Start importing Assets/Hand Painted Stone Texture/Scene using Guid(c4ab84889a865d346b1a8735094f805e) Importer(815301076,1909f56bfc062723c751e8b465ee728b)  -> (artifact id: '201abb6027560531dd00ffd38d343074') in 0.003638 seconds
  Import took 0.006375 seconds .

========================================================================
Received Import Request.
  Time since last request: 0.000791 seconds.
  path: Assets/Hand Painted Stone Texture/Scene
  artifactKey: Guid(c4ab84889a865d346b1a8735094f805e) Importer(815301076,1909f56bfc062723c751e8b465ee728b)
Start importing Assets/Hand Painted Stone Texture/Scene using Guid(c4ab84889a865d346b1a8735094f805e) Importer(815301076,1909f56bfc062723c751e8b465ee728b)  -> (artifact id: '201abb6027560531dd00ffd38d343074') in 0.004215 seconds
  Import took 0.007160 seconds .

========================================================================
Received Import Request.
  Time since last request: 1.213205 seconds.
  path: Assets/Hand Painted Stone Texture/Texture
  artifactKey: Guid(7e8c075e0c1874e4197680e91fbe8e00) Importer(815301076,1909f56bfc062723c751e8b465ee728b)
Start importing Assets/Hand Painted Stone Texture/Texture using Guid(7e8c075e0c1874e4197680e91fbe8e00) Importer(815301076,1909f56bfc062723c751e8b465ee728b)  -> (artifact id: 'bdd7c46f69ca9b1f25afb1ed2c3897ed') in 0.007870 seconds
  Import took 0.010079 seconds .

========================================================================
Received Import Request.
  Time since last request: 0.056073 seconds.
  path: Assets/Hand Painted Stone Texture/Texture/Stone_Ambient_Occlusion.png
  artifactKey: Guid(2ea2b4b58caf5a442bd2bcf1d75e725d) Importer(815301076,1909f56bfc062723c751e8b465ee728b)
Start importing Assets/Hand Painted Stone Texture/Texture/Stone_Ambient_Occlusion.png using Guid(2ea2b4b58caf5a442bd2bcf1d75e725d) Importer(815301076,1909f56bfc062723c751e8b465ee728b)  -> (artifact id: '664d2bf9515fe1418e083467fd3753de') in 0.008869 seconds
  Import took 0.011003 seconds .

========================================================================
Received Import Request.
  Time since last request: 0.000271 seconds.
  path: Assets/Hand Painted Stone Texture/Texture/Stone_Height.png
  artifactKey: Guid(3c7a004c57c50734dbb1e28a97b82e5c) Importer(815301076,1909f56bfc062723c751e8b465ee728b)
Start importing Assets/Hand Painted Stone Texture/Texture/Stone_Height.png using Guid(3c7a004c57c50734dbb1e28a97b82e5c) Importer(815301076,1909f56bfc062723c751e8b465ee728b)  -> (artifact id: '901a764ffb371f7d4a049a8c388f5915') in 0.010691 seconds
  Import took 0.012588 seconds .

========================================================================
Received Import Request.
  Time since last request: 0.000250 seconds.
  path: Assets/Hand Painted Stone Texture/Texture/Stone_Normal.png
  artifactKey: Guid(fff10447baa86b44aa549f50f310265a) Importer(815301076,1909f56bfc062723c751e8b465ee728b)
Start importing Assets/Hand Painted Stone Texture/Texture/Stone_Normal.png using Guid(fff10447baa86b44aa549f50f310265a) Importer(815301076,1909f56bfc062723c751e8b465ee728b)  -> (artifact id: '96f8e3ad62ea5ab11c7c2544a61f2b33') in 0.014584 seconds
  Import took 0.016807 seconds .

========================================================================
Received Import Request.
  Time since last request: 0.000344 seconds.
  path: Assets/Hand Painted Stone Texture/Texture/Stone_Roughness.png
  artifactKey: Guid(7bd79b1b559c13c4ea25e26930a8d68f) Importer(815301076,1909f56bfc062723c751e8b465ee728b)
Start importing Assets/Hand Painted Stone Texture/Texture/Stone_Roughness.png using Guid(7bd79b1b559c13c4ea25e26930a8d68f) Importer(815301076,1909f56bfc062723c751e8b465ee728b)  -> (artifact id: 'f1a165845997a11a2f34ea6213829402') in 0.010780 seconds
  Import took 0.012734 seconds .

========================================================================
Received Import Request.
  Time since last request: 56.560651 seconds.
  path: Assets/Prefabs
  artifactKey: Guid(e8a20eed68bba1941999d46967edafba) Importer(815301076,1909f56bfc062723c751e8b465ee728b)
Start importing Assets/Prefabs using Guid(e8a20eed68bba1941999d46967edafba) Importer(815301076,1909f56bfc062723c751e8b465ee728b)  -> (artifact id: '769358d35c954df6b4296280559502f7') in 0.003332 seconds
  Import took 0.005791 seconds .

========================================================================
Received Import Request.
  Time since last request: 2.895402 seconds.
  path: Assets/Prefabs/RoadPart.prefab
  artifactKey: Guid(0006011c73eb33146a1f76a270f33c8b) Importer(815301076,1909f56bfc062723c751e8b465ee728b)
Start importing Assets/Prefabs/RoadPart.prefab using Guid(0006011c73eb33146a1f76a270f33c8b) Importer(815301076,1909f56bfc062723c751e8b465ee728b)  -> (artifact id: 'd36173c32072a869cefb00e701318f12') in 0.026860 seconds
  Import took 0.029326 seconds .

========================================================================
Received Import Request.
  Time since last request: 22.399349 seconds.
  path: Assets/Scenes/SampleScene.unity
  artifactKey: Guid(9fc0d4010bbf28b4594072e72b8655ab) Importer(815301076,1909f56bfc062723c751e8b465ee728b)
Start importing Assets/Scenes/SampleScene.unity using Guid(9fc0d4010bbf28b4594072e72b8655ab) Importer(815301076,1909f56bfc062723c751e8b465ee728b)  -> (artifact id: '43f3abf861da4c8f003e1c0f9f84b940') in 0.005469 seconds
  Import took 0.008159 seconds .

========================================================================
Received Import Request.
  Time since last request: 0.000982 seconds.
  path: Assets/Scenes/SampleScene.unity
  artifactKey: Guid(9fc0d4010bbf28b4594072e72b8655ab) Importer(815301076,1909f56bfc062723c751e8b465ee728b)
Start importing Assets/Scenes/SampleScene.unity using Guid(9fc0d4010bbf28b4594072e72b8655ab) Importer(815301076,1909f56bfc062723c751e8b465ee728b)  -> (artifact id: '43f3abf861da4c8f003e1c0f9f84b940') in 0.002990 seconds
  Import took 0.005325 seconds .

========================================================================
Received Import Request.
  Time since last request: 4.367275 seconds.
  path: Assets/Scenes/Main.unity
  artifactKey: Guid(9fc0d4010bbf28b4594072e72b8655ab) Importer(815301076,1909f56bfc062723c751e8b465ee728b)
Start importing Assets/Scenes/Main.unity using Guid(9fc0d4010bbf28b4594072e72b8655ab) Importer(815301076,1909f56bfc062723c751e8b465ee728b)  -> (artifact id: 'a02d9794c1c880b191a22889d306d31e') in 0.003922 seconds
  Import took 0.006488 seconds .

========================================================================
Received Prepare
Registering precompiled user dll's ...
Registered in 0.018389 seconds.
Begin MonoManager ReloadAssembly
Native extension for WindowsStandalone target not found
Refreshing native plugins compatible for Editor in 0.32 ms, found 2 plugins.
Preloading 0 native plugins for Editor in 0.00 ms.
Mono: successfully reloaded assembly
- Completed reload, in  0.851 seconds
Platform modules already initialized, skipping
Refreshing native plugins compatible for Editor in 0.29 ms, found 2 plugins.
Preloading 0 native plugins for Editor in 0.00 ms.
Unloading 1387 Unused Serialized files (Serialized files now loaded: 0)
System memory in use before: 70.5 MB.
System memory in use after: 69.9 MB.

Unloading 16 unused Assets to reduce memory usage. Loaded Objects now: 1873.
Total: 2.166300 ms (FindLiveObjects: 0.119200 ms CreateObjectMapping: 0.037400 ms MarkObjects: 1.546700 ms  DeleteObjects: 0.462200 ms)

========================================================================
Received Import Request.
  Time since last request: 131.316719 seconds.
  path: Assets/Supercyan Character Pack Free Sample
  artifactKey: Guid(f51d6381795618c4ba6e61bc9788ab84) Importer(815301076,1909f56bfc062723c751e8b465ee728b)
Start importing Assets/Supercyan Character Pack Free Sample using Guid(f51d6381795618c4ba6e61bc9788ab84) Importer(815301076,1909f56bfc062723c751e8b465ee728b)  -> (artifact id: '870e190c55de4c9a341c5cb3fa9810e3') in 0.006860 seconds
  Import took 0.009341 seconds .

========================================================================
Received Import Request.
  Time since last request: 7.305736 seconds.
  path: Assets/Supercyan Character Pack Free Sample/Scenes
  artifactKey: Guid(3412f14f3420c45498caca870b836a8c) Importer(815301076,1909f56bfc062723c751e8b465ee728b)
Start importing Assets/Supercyan Character Pack Free Sample/Scenes using Guid(3412f14f3420c45498caca870b836a8c) Importer(815301076,1909f56bfc062723c751e8b465ee728b)  -> (artifact id: 'cd7663e363a9c7e977cfe287d595190a') in 0.003665 seconds
  Import took 0.006079 seconds .

========================================================================
Received Import Request.
  Time since last request: 0.000862 seconds.
  path: Assets/Supercyan Character Pack Free Sample/Scenes
  artifactKey: Guid(3412f14f3420c45498caca870b836a8c) Importer(815301076,1909f56bfc062723c751e8b465ee728b)
Start importing Assets/Supercyan Character Pack Free Sample/Scenes using Guid(3412f14f3420c45498caca870b836a8c) Importer(815301076,1909f56bfc062723c751e8b465ee728b)  -> (artifact id: 'cd7663e363a9c7e977cfe287d595190a') in 0.003493 seconds
  Import took 0.006026 seconds .

========================================================================
Received Import Request.
  Time since last request: 2.345123 seconds.
  path: Assets/Supercyan Character Pack Free Sample/Animations
  artifactKey: Guid(4c5d889290f821e4f9d3a1cdfddf771b) Importer(815301076,1909f56bfc062723c751e8b465ee728b)
Start importing Assets/Supercyan Character Pack Free Sample/Animations using Guid(4c5d889290f821e4f9d3a1cdfddf771b) Importer(815301076,1909f56bfc062723c751e8b465ee728b)  -> (artifact id: '63a0bfc1d3fd63cc28c41638175664d1') in 0.004327 seconds
  Import took 0.006594 seconds .

========================================================================
Received Import Request.
  Time since last request: 0.000859 seconds.
  path: Assets/Supercyan Character Pack Free Sample/Animations
  artifactKey: Guid(4c5d889290f821e4f9d3a1cdfddf771b) Importer(815301076,1909f56bfc062723c751e8b465ee728b)
Start importing Assets/Supercyan Character Pack Free Sample/Animations using Guid(4c5d889290f821e4f9d3a1cdfddf771b) Importer(815301076,1909f56bfc062723c751e8b465ee728b)  -> (artifact id: '63a0bfc1d3fd63cc28c41638175664d1') in 0.002942 seconds
  Import took 0.005530 seconds .

========================================================================
Received Import Request.
  Time since last request: 4.104424 seconds.
  path: Assets/Supercyan Character Pack Free Sample/Prefabs
  artifactKey: Guid(95a779c7172f3a44c95f30305823626f) Importer(815301076,1909f56bfc062723c751e8b465ee728b)
Start importing Assets/Supercyan Character Pack Free Sample/Prefabs using Guid(95a779c7172f3a44c95f30305823626f) Importer(815301076,1909f56bfc062723c751e8b465ee728b)  -> (artifact id: '017fb3bdb149228b4bf4cca88f399fdd') in 0.003351 seconds
  Import took 0.005818 seconds .

========================================================================
Received Import Request.
  Time since last request: 0.001420 seconds.
  path: Assets/Supercyan Character Pack Free Sample/Prefabs
  artifactKey: Guid(95a779c7172f3a44c95f30305823626f) Importer(815301076,1909f56bfc062723c751e8b465ee728b)
Start importing Assets/Supercyan Character Pack Free Sample/Prefabs using Guid(95a779c7172f3a44c95f30305823626f) Importer(815301076,1909f56bfc062723c751e8b465ee728b)  -> (artifact id: '017fb3bdb149228b4bf4cca88f399fdd') in 0.002794 seconds
  Import took 0.005633 seconds .

========================================================================
Received Import Request.
  Time since last request: 1.119694 seconds.
  path: Assets/Supercyan Character Pack Free Sample/Prefabs/Simple Movement
  artifactKey: Guid(a6b443b6b679b384a88c720a5f4fa1c0) Importer(815301076,1909f56bfc062723c751e8b465ee728b)
Start importing Assets/Supercyan Character Pack Free Sample/Prefabs/Simple Movement using Guid(a6b443b6b679b384a88c720a5f4fa1c0) Importer(815301076,1909f56bfc062723c751e8b465ee728b)  -> (artifact id: '617ddb1cfb94cbb087ad04e9bb624d7a') in 0.004728 seconds
  Import took 0.008131 seconds .

========================================================================
Received Import Request.
  Time since last request: 0.000698 seconds.
  path: Assets/Supercyan Character Pack Free Sample/Prefabs/Simple Movement
  artifactKey: Guid(a6b443b6b679b384a88c720a5f4fa1c0) Importer(815301076,1909f56bfc062723c751e8b465ee728b)
Start importing Assets/Supercyan Character Pack Free Sample/Prefabs/Simple Movement using Guid(a6b443b6b679b384a88c720a5f4fa1c0) Importer(815301076,1909f56bfc062723c751e8b465ee728b)  -> (artifact id: '617ddb1cfb94cbb087ad04e9bb624d7a') in 0.002879 seconds
  Import took 0.005254 seconds .

========================================================================
Received Import Request.
  Time since last request: 0.996831 seconds.
  path: Assets/Supercyan Character Pack Free Sample/Prefabs/Simple Movement/High Quality
  artifactKey: Guid(8f3b4fbaf9718474b998eed54ce9f88f) Importer(815301076,1909f56bfc062723c751e8b465ee728b)
Start importing Assets/Supercyan Character Pack Free Sample/Prefabs/Simple Movement/High Quality using Guid(8f3b4fbaf9718474b998eed54ce9f88f) Importer(815301076,1909f56bfc062723c751e8b465ee728b)  -> (artifact id: '1652f1a62455ee3b3b85d051af310801') in 0.004320 seconds
  Import took 0.007432 seconds .

========================================================================
Received Import Request.
  Time since last request: 0.000971 seconds.
  path: Assets/Supercyan Character Pack Free Sample/Prefabs/Simple Movement/High Quality
  artifactKey: Guid(8f3b4fbaf9718474b998eed54ce9f88f) Importer(815301076,1909f56bfc062723c751e8b465ee728b)
Start importing Assets/Supercyan Character Pack Free Sample/Prefabs/Simple Movement/High Quality using Guid(8f3b4fbaf9718474b998eed54ce9f88f) Importer(815301076,1909f56bfc062723c751e8b465ee728b)  -> (artifact id: '1652f1a62455ee3b3b85d051af310801') in 0.002842 seconds
  Import took 0.005134 seconds .

========================================================================
Received Import Request.
  Time since last request: 6.928826 seconds.
  path: Assets/Supercyan Character Pack Free Sample/Prefabs/Simple Movement/Mobile
  artifactKey: Guid(c6ea56db5b70dc640a5034a96d4aabf5) Importer(815301076,1909f56bfc062723c751e8b465ee728b)
Start importing Assets/Supercyan Character Pack Free Sample/Prefabs/Simple Movement/Mobile using Guid(c6ea56db5b70dc640a5034a96d4aabf5) Importer(815301076,1909f56bfc062723c751e8b465ee728b)  -> (artifact id: 'b3c05b70cc49ddae5a4c388d6efbfd14') in 0.003162 seconds
  Import took 0.005755 seconds .

========================================================================
Received Import Request.
  Time since last request: 0.993473 seconds.
  path: Assets/Supercyan Character Pack Free Sample/Prefabs/Simple Movement/Mobile/MobileMaleFreeSimpleMovement1.prefab
  artifactKey: Guid(16e7451e81164bc4caac73768f16ceb6) Importer(815301076,1909f56bfc062723c751e8b465ee728b)
Start importing Assets/Supercyan Character Pack Free Sample/Prefabs/Simple Movement/Mobile/MobileMaleFreeSimpleMovement1.prefab using Guid(16e7451e81164bc4caac73768f16ceb6) Importer(815301076,1909f56bfc062723c751e8b465ee728b)  -> (artifact id: 'cecc322f2572c8f80457dc9700f7a331') in 0.133514 seconds
  Import took 0.136321 seconds .

========================================================================
Received Prepare
Registering precompiled user dll's ...
Registered in 0.005475 seconds.
Begin MonoManager ReloadAssembly
Native extension for WindowsStandalone target not found
Refreshing native plugins compatible for Editor in 0.29 ms, found 2 plugins.
Preloading 0 native plugins for Editor in 0.00 ms.
Mono: successfully reloaded assembly
- Completed reload, in  0.919 seconds
Platform modules already initialized, skipping
Refreshing native plugins compatible for Editor in 0.27 ms, found 2 plugins.
Preloading 0 native plugins for Editor in 0.00 ms.
Unloading 1386 Unused Serialized files (Serialized files now loaded: 0)
System memory in use before: 84.1 MB.
System memory in use after: 83.5 MB.

Unloading 16 unused Assets to reduce memory usage. Loaded Objects now: 1879.
Total: 2.729900 ms (FindLiveObjects: 0.171500 ms CreateObjectMapping: 0.057900 ms MarkObjects: 1.931400 ms  DeleteObjects: 0.568100 ms)

========================================================================
Received Import Request.
  Time since last request: 202.984549 seconds.
  path: Assets/Supercyan Character Pack Free Sample/AnimatorControllers/FreeAnimations.controller
  artifactKey: Guid(8b9a677f24793ba45bdc27a1dab7745e) Importer(815301076,1909f56bfc062723c751e8b465ee728b)
Start importing Assets/Supercyan Character Pack Free Sample/AnimatorControllers/FreeAnimations.controller using Guid(8b9a677f24793ba45bdc27a1dab7745e) Importer(815301076,1909f56bfc062723c751e8b465ee728b)  -> (artifact id: '91063b295fbe5fd5fbdfa49b4cb8a9a3') in 0.023156 seconds
  Import took 0.025874 seconds .

AssetImportWorkerClient::OnTransportError - code=2 error=End of file
